Library/Bee/Android/Prj/Mono2x/Gradle/launcher/build/intermediates/manifest_merge_blame_file/release/manifest-merger-blame-release-report.txt
1<?xml version="1.0" encoding="utf-8"?>
2<manifest xmlns:android="http://schemas.android.com/apk/res/android"
3    package="com.Imaginate.OCRInternshipProject"
4    android:installLocation="preferExternal"
5    android:versionCode="1"
6    android:versionName="4.0" >
7
8    <uses-sdk
9        android:minSdkVersion="22"
9-->src\main\AndroidManifest.xml
10        android:targetSdkVersion="30" />
10-->src\main\AndroidManifest.xml
11
12    <supports-screens
12-->src\main\AndroidManifest.xml:3:3-163
13        android:anyDensity="true"
13-->src\main\AndroidManifest.xml:3:135-160
14        android:largeScreens="true"
14-->src\main\AndroidManifest.xml:3:78-105
15        android:normalScreens="true"
15-->src\main\AndroidManifest.xml:3:49-77
16        android:smallScreens="true"
16-->src\main\AndroidManifest.xml:3:21-48
17        android:xlargeScreens="true" />
17-->src\main\AndroidManifest.xml:3:106-134
18
19    <uses-feature android:glEsVersion="0x00030000" />
19-->[:unityLibrary] AndroidManifest.xml:12:5-54
19-->[:unityLibrary] AndroidManifest.xml:12:19-51
20    <uses-feature
20-->[:unityLibrary] AndroidManifest.xml:13:5-15:36
21        android:name="android.hardware.vulkan.version"
21-->[:unityLibrary] AndroidManifest.xml:14:9-55
22        android:required="false" />
22-->[:unityLibrary] AndroidManifest.xml:15:9-33
23
24    <uses-permission android:name="android.permission.INTERNET" />
24-->[:unityLibrary] AndroidManifest.xml:17:5-67
24-->[:unityLibrary] AndroidManifest.xml:17:22-64
25
26    <uses-feature
26-->[:unityLibrary] AndroidManifest.xml:19:5-21:36
27        android:name="android.hardware.touchscreen"
27-->[:unityLibrary] AndroidManifest.xml:20:9-52
28        android:required="false" />
28-->[:unityLibrary] AndroidManifest.xml:21:9-33
29    <uses-feature
29-->[:unityLibrary] AndroidManifest.xml:22:5-24:36
30        android:name="android.hardware.touchscreen.multitouch"
30-->[:unityLibrary] AndroidManifest.xml:23:9-63
31        android:required="false" />
31-->[:unityLibrary] AndroidManifest.xml:24:9-33
32    <uses-feature
32-->[:unityLibrary] AndroidManifest.xml:25:5-27:36
33        android:name="android.hardware.touchscreen.multitouch.distinct"
33-->[:unityLibrary] AndroidManifest.xml:26:9-72
34        android:required="false" />
34-->[:unityLibrary] AndroidManifest.xml:27:9-33
35    <uses-feature
35-->[:NativeCamera:] AndroidManifest.xml:12:2-82
36        android:name="android.hardware.camera"
36-->[:NativeCamera:] AndroidManifest.xml:12:16-54
37        android:required="false" />
37-->[:NativeCamera:] AndroidManifest.xml:12:55-79
38
39    <uses-permission android:name="android.permission.READ_EXTERNAL_STORAGE" />
39-->[:NativeCamera:] AndroidManifest.xml:13:2-98
39-->[:NativeCamera:] AndroidManifest.xml:13:19-74
40    <uses-permission android:name="android.permission.WRITE_EXTERNAL_STORAGE" />
40-->[:NativeCamera:] AndroidManifest.xml:14:2-99
40-->[:NativeCamera:] AndroidManifest.xml:14:19-75
41
42    <application
42-->src\main\AndroidManifest.xml:4:3-83
43        android:extractNativeLibs="true"
43-->[:unityLibrary] AndroidManifest.xml:29:18-50
44        android:icon="@mipmap/app_icon"
44-->src\main\AndroidManifest.xml:4:49-80
45        android:label="@string/app_name"
45-->src\main\AndroidManifest.xml:4:16-48
46        android:requestLegacyExternalStorage="true" >
46-->[:SimpleFileBrowser:] AndroidManifest.xml:6:15-58
47        <activity
47-->[:unityLibrary] AndroidManifest.xml:30:9-50:20
48            android:name="com.unity3d.player.UnityPlayerActivity"
48-->[:unityLibrary] AndroidManifest.xml:31:13-66
49            android:configChanges="mcc|mnc|locale|touchscreen|keyboard|keyboardHidden|navigation|orientation|screenLayout|uiMode|screenSize|smallestScreenSize|fontScale|layoutDirection|density"
49-->[:unityLibrary] AndroidManifest.xml:32:13-194
50            android:hardwareAccelerated="false"
50-->[:unityLibrary] AndroidManifest.xml:33:13-48
51            android:launchMode="singleTask"
51-->[:unityLibrary] AndroidManifest.xml:34:13-44
52            android:resizeableActivity="false"
52-->[:unityLibrary] AndroidManifest.xml:35:13-47
53            android:screenOrientation="sensorLandscape"
53-->[:unityLibrary] AndroidManifest.xml:36:13-56
54            android:theme="@style/UnityThemeSelector" >
54-->[:unityLibrary] AndroidManifest.xml:37:13-54
55            <intent-filter>
55-->[:unityLibrary] AndroidManifest.xml:38:13-42:29
56                <action android:name="android.intent.action.MAIN" />
56-->[:unityLibrary] AndroidManifest.xml:39:17-69
56-->[:unityLibrary] AndroidManifest.xml:39:25-66
57
58                <category android:name="android.intent.category.LAUNCHER" />
58-->[:unityLibrary] AndroidManifest.xml:41:17-77
58-->[:unityLibrary] AndroidManifest.xml:41:27-74
59            </intent-filter>
60
61            <meta-data
61-->[:unityLibrary] AndroidManifest.xml:44:13-46:40
62                android:name="unityplayer.UnityActivity"
62-->[:unityLibrary] AndroidManifest.xml:45:17-57
63                android:value="true" />
63-->[:unityLibrary] AndroidManifest.xml:46:17-37
64            <meta-data
64-->[:unityLibrary] AndroidManifest.xml:47:13-49:40
65                android:name="android.notch_support"
65-->[:unityLibrary] AndroidManifest.xml:48:17-53
66                android:value="true" />
66-->[:unityLibrary] AndroidManifest.xml:49:17-37
67        </activity>
68
69        <meta-data
69-->[:unityLibrary] AndroidManifest.xml:52:9-54:33
70            android:name="unity.splash-mode"
70-->[:unityLibrary] AndroidManifest.xml:53:13-45
71            android:value="0" />
71-->[:unityLibrary] AndroidManifest.xml:54:13-30
72        <meta-data
72-->[:unityLibrary] AndroidManifest.xml:55:9-57:36
73            android:name="unity.splash-enable"
73-->[:unityLibrary] AndroidManifest.xml:56:13-47
74            android:value="True" />
74-->[:unityLibrary] AndroidManifest.xml:57:13-33
75        <meta-data
75-->[:unityLibrary] AndroidManifest.xml:58:9-60:36
76            android:name="unity.launch-fullscreen"
76-->[:unityLibrary] AndroidManifest.xml:59:13-51
77            android:value="True" />
77-->[:unityLibrary] AndroidManifest.xml:60:13-33
78        <meta-data
78-->[:unityLibrary] AndroidManifest.xml:61:9-63:37
79            android:name="unity.allow-resizable-window"
79-->[:unityLibrary] AndroidManifest.xml:62:13-56
80            android:value="False" />
80-->[:unityLibrary] AndroidManifest.xml:63:13-34
81        <meta-data
81-->[:unityLibrary] AndroidManifest.xml:64:9-66:50
82            android:name="notch.config"
82-->[:unityLibrary] AndroidManifest.xml:65:13-40
83            android:value="portrait|landscape" />
83-->[:unityLibrary] AndroidManifest.xml:66:13-47
84
85        <provider
85-->[:NativeCamera:] AndroidManifest.xml:4:3-8:42
86            android:name="com.yasirkula.unity.NativeCameraContentProvider"
86-->[:NativeCamera:] AndroidManifest.xml:5:5-67
87            android:authorities="com.Imaginate.OCRInternshipProject.NativeCameraContentProvider"
87-->[:NativeCamera:] AndroidManifest.xml:6:5-71
88            android:exported="false"
88-->[:NativeCamera:] AndroidManifest.xml:7:5-29
89            android:grantUriPermissions="true" />
89-->[:NativeCamera:] AndroidManifest.xml:8:5-39
90    </application>
91
92</manifest>